# JRE version: OpenJDK Runtime Environment (17.0.6) (build 17.0.6+0-b2043.56-10027231)
# Java VM: OpenJDK 64-Bit Server VM (17.0.6+0-b2043.56-10027231, mixed mode, tiered, compressed oops, compressed class ptrs, g1 gc, windows-amd64)
GC Precious Log:
 CPUs: 12 total, 12 available
 Memory: 16324M
 Large Page Support: Disabled
 NUMA Support: Disabled
 Compressed Oops: Enabled (32-bit)
 Heap Region Size: 1M
 Heap Min Capacity: 8M
 Heap Initial Capacity: 256M
 Heap Max Capacity: 2G
 Pre-touch: Disabled
 Parallel Workers: 10
 Concurrent Workers: 3
 Concurrent Refinement Workers: 10
 Periodic GC: Disabled
Heap:
 garbage-first heap   total 249856K, used 134107K [0x0000000080000000, 0x0000000100000000)
  region size 1024K, 14 young (14336K), 2 survivors (2048K)
 Metaspace       used 136818K, committed 137728K, reserved 1171456K
  class space    used 18964K, committed 19392K, reserved 1048576K
GC Heap History (20 events):
Event: 11.343 GC heap before
{Heap before GC invocations=39 (full 0):
 garbage-first heap   total 199680K, used 143968K [0x0000000080000000, 0x0000000100000000)
  region size 1024K, 23 young (23552K), 7 survivors (7168K)
 Metaspace       used 126073K, committed 126848K, reserved 1163264K
  class space    used 17926K, committed 18304K, reserved 1048576K
}
Event: 11.347 GC heap after
{Heap after GC invocations=40 (full 0):
 garbage-first heap   total 199680K, used 130846K [0x0000000080000000, 0x0000000100000000)
  region size 1024K, 2 young (2048K), 2 survivors (2048K)
 Metaspace       used 126073K, committed 126848K, reserved 1163264K
  class space    used 17926K, committed 18304K, reserved 1048576K
}
Event: 601.063 GC heap before
{Heap before GC invocations=41 (full 0):
 garbage-first heap   total 237568K, used 170782K [0x0000000080000000, 0x0000000100000000)
  region size 1024K, 35 young (35840K), 2 survivors (2048K)
 Metaspace       used 130491K, committed 131200K, reserved 1163264K
  class space    used 18323K, committed 18688K, reserved 1048576K
}
Event: 601.067 GC heap after
{Heap after GC invocations=42 (full 0):
 garbage-first heap   total 237568K, used 126592K [0x0000000080000000, 0x0000000100000000)
  region size 1024K, 2 young (2048K), 2 survivors (2048K)
 Metaspace       used 130491K, committed 131200K, reserved 1163264K
  class space    used 18323K, committed 18688K, reserved 1048576K
}
Event: 847.274 GC heap before
{Heap before GC invocations=42 (full 0):
 garbage-first heap   total 237568K, used 134784K [0x0000000080000000, 0x0000000100000000)
  region size 1024K, 11 young (11264K), 2 survivors (2048K)
 Metaspace       used 130659K, committed 131392K, reserved 1163264K
  class space    used 18333K, committed 18688K, reserved 1048576K
}
Event: 847.276 GC heap after
{Heap after GC invocations=43 (full 0):
 garbage-first heap   total 237568K, used 122665K [0x0000000080000000, 0x0000000100000000)
  region size 1024K, 2 young (2048K), 2 survivors (2048K)
 Metaspace       used 130659K, committed 131392K, reserved 1163264K
  class space    used 18333K, committed 18688K, reserved 1048576K
}
Event: 848.125 GC heap before
{Heap before GC invocations=43 (full 0):
 garbage-first heap   total 237568K, used 197417K [0x0000000080000000, 0x0000000100000000)
  region size 1024K, 76 young (77824K), 2 survivors (2048K)
 Metaspace       used 133872K, committed 134656K, reserved 1171456K
  class space    used 18679K, committed 19072K, reserved 1048576K
}
Event: 848.130 GC heap after
{Heap after GC invocations=44 (full 0):
 garbage-first heap   total 237568K, used 129807K [0x0000000080000000, 0x0000000100000000)
  region size 1024K, 9 young (9216K), 9 survivors (9216K)
 Metaspace       used 133872K, committed 134656K, reserved 1171456K
  class space    used 18679K, committed 19072K, reserved 1048576K
}
Event: 849.549 GC heap before
{Heap before GC invocations=44 (full 0):
 garbage-first heap   total 237568K, used 184079K [0x0000000080000000, 0x0000000100000000)
  region size 1024K, 64 young (65536K), 9 survivors (9216K)
 Metaspace       used 135587K, committed 136384K, reserved 1171456K
  class space    used 18883K, committed 19264K, reserved 1048576K
}
Event: 849.554 GC heap after
{Heap after GC invocations=45 (full 0):
 garbage-first heap   total 237568K, used 134040K [0x0000000080000000, 0x0000000100000000)
  region size 1024K, 5 young (5120K), 5 survivors (5120K)
 Metaspace       used 135587K, committed 136384K, reserved 1171456K
  class space    used 18883K, committed 19264K, reserved 1048576K
}
Event: 866.705 GC heap before
{Heap before GC invocations=46 (full 0):
 garbage-first heap   total 240640K, used 224152K [0x0000000080000000, 0x0000000100000000)
  region size 1024K, 66 young (67584K), 5 survivors (5120K)
 Metaspace       used 136104K, committed 137024K, reserved 1171456K
  class space    used 18931K, committed 19392K, reserved 1048576K
}
Event: 866.710 GC heap after
{Heap after GC invocations=47 (full 0):
 garbage-first heap   total 240640K, used 134443K [0x0000000080000000, 0x0000000100000000)
  region size 1024K, 8 young (8192K), 8 survivors (8192K)
 Metaspace       used 136104K, committed 137024K, reserved 1171456K
  class space    used 18931K, committed 19392K, reserved 1048576K
}
Event: 866.723 GC heap before
{Heap before GC invocations=47 (full 0):
 garbage-first heap   total 240640K, used 137515K [0x0000000080000000, 0x0000000100000000)
  region size 1024K, 11 young (11264K), 8 survivors (8192K)
 Metaspace       used 136109K, committed 137024K, reserved 1171456K
  class space    used 18931K, committed 19392K, reserved 1048576K
}
Event: 866.727 GC heap after
{Heap after GC invocations=48 (full 0):
 garbage-first heap   total 240640K, used 132813K [0x0000000080000000, 0x0000000100000000)
  region size 1024K, 2 young (2048K), 2 survivors (2048K)
 Metaspace       used 136109K, committed 137024K, reserved 1171456K
  class space    used 18931K, committed 19392K, reserved 1048576K
}
Event: 926.271 GC heap before
{Heap before GC invocations=48 (full 0):
 garbage-first heap   total 240640K, used 197325K [0x0000000080000000, 0x0000000100000000)
  region size 1024K, 65 young (66560K), 2 survivors (2048K)
 Metaspace       used 136492K, committed 137408K, reserved 1171456K
  class space    used 18957K, committed 19392K, reserved 1048576K
}
Event: 926.276 GC heap after
{Heap after GC invocations=49 (full 0):
 garbage-first heap   total 240640K, used 139135K [0x0000000080000000, 0x0000000100000000)
  region size 1024K, 8 young (8192K), 8 survivors (8192K)
 Metaspace       used 136492K, committed 137408K, reserved 1171456K
  class space    used 18957K, committed 19392K, reserved 1048576K
}
Event: 1315.836 GC heap before
{Heap before GC invocations=50 (full 0):
 garbage-first heap   total 249856K, used 194431K [0x0000000080000000, 0x0000000100000000)
  region size 1024K, 64 young (65536K), 8 survivors (8192K)
 Metaspace       used 136740K, committed 137664K, reserved 1171456K
  class space    used 18964K, committed 19392K, reserved 1048576K
}
Event: 1315.856 GC heap after
{Heap after GC invocations=51 (full 0):
 garbage-first heap   total 249856K, used 137597K [0x0000000080000000, 0x0000000100000000)
  region size 1024K, 5 young (5120K), 5 survivors (5120K)
 Metaspace       used 136740K, committed 137664K, reserved 1171456K
  class space    used 18964K, committed 19392K, reserved 1048576K
}
Event: 1315.965 GC heap before
{Heap before GC invocations=51 (full 0):
 garbage-first heap   total 249856K, used 143741K [0x0000000080000000, 0x0000000100000000)
  region size 1024K, 12 young (12288K), 5 survivors (5120K)
 Metaspace       used 136805K, committed 137728K, reserved 1171456K
  class space    used 18964K, committed 19392K, reserved 1048576K
}
Event: 1315.993 GC heap after
{Heap after GC invocations=52 (full 0):
 garbage-first heap   total 249856K, used 123867K [0x0000000080000000, 0x0000000100000000)
  region size 1024K, 2 young (2048K), 2 survivors (2048K)
 Metaspace       used 136805K, committed 137728K, reserved 1171456K
  class space    used 18964K, committed 19392K, reserved 1048576K
}

